_10       = 2*1
_100      = 2*_10
_110      = _10 + _100
_111      = 1 + _110
_1110     = 2*_111
_10000    = _10 + _1110
_10010    = _10 + _10000
_100100   = 2*_10010
_110100   = _10000 + _100100
_1000110  = _10010 + _110100
_1101010  = _100100 + _1000110
_1101100  = _10 + _1101010
_1111010  = _1110 + _1101100
_11000000 = _1000110 + _1111010
i17       = _11000000 << 2 + _1101010
i18       = _1101100 + i17
i19       = _110100 + i18
i20       = _1111010 + i19
i21       = i17 + i20
i23       = 2*i21 + i19
i24       = i18 + i23
i25       = i21 + i24
i27       = 2*i25 + i20
i28       = _11000000 + i27
i29       = i23 + i28
i32       = 2*i29 + i29 + i25
i33       = i27 + i32
i36       = 2*i33 + i33 + i29
i37       = i33 + i36
i39       = 2*i37 + i28
i40       = i37 + i39
i41       = i24 + i40
i42       = i36 + i41
i43       = i32 + i42
i44       = i39 + i43
i45       = i40 + i44
i46       = i41 + i45
i47       = i42 + i46
i48       = i45 + i47
i49       = i46 + i48
i50       = i43 + i49
i51       = i44 + i50
i55       = i51 << 2 + i51 + i50
i56       = i48 + i55
i57       = i51 + i56
i58       = i56 + i57
i59       = i57 + i58
i60       = i49 + i59
i61       = i58 + i60
i62       = i60 + i61
i64       = 2*i62 + i55
i65       = i59 + i64
i66       = i47 + i65
i67       = i64 + i66
i68       = i61 + i67
i69       = i65 + i68
i70       = i62 + i69
i71       = i66 + i70
i73       = 2*i71 + i67
i74       = i70 + i73
i75       = i68 + i74
i76       = i69 + i75
i77       = i73 + i76
i78       = i71 + i77
i79       = i76 + i78
i81       = 2*i79 + i77
i82       = i75 + i81
i83       = i78 + i82
i85       = 2*i83 + i79
i87       = 2*i85 + i82
i88       = i74 + i87
i89       = i87 + i88
i91       = 2*i89 + i81
i92       = i88 + i91
i93       = i85 + i92
i94       = i91 + i93
i95       = i83 + i94
i96       = i94 + i95
i97       = i89 + i96
i98       = i93 + i97
i99       = i92 + i98
i101      = 2*i99 + i97
i102      = i96 + i101
i103      = i95 + i102
i104      = i98 + i103
i105      = i101 + i104
i107      = 2*i105 + i99
i108      = i104 + i107
i109      = i103 + i108
i110      = i105 + i109
i111      = i109 + i110
i112      = i102 + i111
i113      = i111 + i112
i114      = i108 + i113
i115      = i112 + i114
i116      = i113 + i115
i118      = 2*i116 + i114
i119      = i107 + i118
i120      = i115 + i119
i121      = i119 + i120
i124      = i121 << 2 + i120
i125      = i118 + i124
i126      = i121 + i125
i127      = i116 + i126
i128      = i110 + i127
i129      = i127 + i128
i132      = 2*i129 + i129 + i126
i133      = i125 + i132
i135      = 2*i133 + i132
i136      = i133 + i135
i137      = i128 + i136
i138      = i124 + i137
i139      = i136 + i138
i140      = i129 + i139
i141      = i135 + i140
i144      = i141 << 2 + i138
i145      = i139 + i144
i148      = i145 << 2 + i137
i149      = i144 + i148
i150      = i141 + i149
i151      = i140 + i150
i152      = i148 + i151
i153      = i145 + i152
i154      = i150 + i153
i155      = i152 + i154
i156      = i153 + i155
i157      = i155 + i156
i158      = i151 + i157
i159      = i154 + i158
i160      = i156 + i159
i161      = i149 + i160
i162      = i160 + i161
i163      = i158 + i162
i164      = i157 + i163
i166      = 2*i164 + i163
i167      = i164 + i166
i168      = i162 + i167
i169      = i161 + i168
i170      = i159 + i169
i171      = i166 + i170
i172      = i170 + i171
i175      = 2*i172 + i172 + i169
i176      = i167 + i175
i177      = i172 + i176
i179      = 2*i177 + i175
i180      = i168 + i179
i181      = i176 + i180
i182      = i177 + i181
i183      = i171 + i182
i185      = 2*i183 + i180
i186      = i181 + i185
i187      = i183 + i186
i189      = 2*i187 + i182
i190      = i185 + i189
i191      = i187 + i190
i192      = i179 + i191
i194      = 2*i192 + i190
i195      = i191 + i194
i196      = i192 + i195
i197      = i186 + i196
i200      = 2*i197 + i197 + i194
i201      = i195 + i200
i202      = i189 + i201
i203      = i197 + i202
i205      = 2*i203 + i200
i206      = i196 + i205
i207      = i202 + i206
i208      = i201 + i207
i209      = i206 + i208
i210      = i203 + i209
i212      = 2*i210 + i207
i213      = i209 + i212
i214      = i210 + i213
i215      = i213 + i214
i216      = i214 + i215
i217      = i208 + i216
i220      = 2*i217 + i217 + i216
i221      = _111 + i220
i222      = i212 + i221
i223      = i205 + i222
i224      = i217 + i223
i225      = i222 + i224
i226      = i220 + i225
i227      = i223 + i226
i228      = i226 + i227
i229      = i215 + i228
i230      = i225 + i229
i231      = i224 + i230
i232      = i221 + i231
i233      = i227 + i232
i234      = i228 + i233
i235      = i229 + i234
i236      = i230 + i235
i237      = i233 + i236
i238      = i232 + i237
i239      = i231 + i238
i240      = i236 + i239
i241      = i235 + i240
i242      = i237 + i241
i243      = i240 + i242
i244      = i238 + i243
i245      = i234 + i244
i246      = i243 + i245
i247      = i239 + i246
i249      = 2*i247 + i242
i250      = i245 + i249
i251      = i247 + i250
i252      = i241 + i251
i253      = i246 + i252
i254      = i250 + i253
i255      = i251 + i254
i256      = i244 + i255
i257      = i249 + i256
i258      = i256 + i257
i259      = i255 + i258
i260      = i257 + i259
i261      = i253 + i260
i262      = i258 + i261
i264      = 2*i262 + i259
i265      = i254 + i264
i266      = i261 + i265
i267      = i264 + i266
i268      = i260 + i267
i269      = i262 + i268
i270      = i266 + i269
i271      = i252 + i270
i273      = 2*i271 + i269
i274      = i265 + i273
i275      = i273 + i274
i276      = i267 + i275
x125      = i271 + i276
i278      = i268 + x125
i279      = i270 + i278
i280      = i275 + i279
i281      = i274 + i280
i282      = i278 + i281
i283      = i276 + i282
i284      = i281 + i283
x128      = i279 + i284
i672      = ((i284 << 128 + i280) << 128 + i282) << 129
i931      = ((i283 + i672) << 128 + x128) << 128 + x128
i1317     = ((i931 << 128 + x128) << 128 + x128) << 128
i1576     = ((x128 + i1317) << 128 + x128) << 128 + x128
i1962     = ((i1576 << 128 + x128) << 128 + x128) << 128
i2221     = ((x128 + i1962) << 128 + x128) << 128 + x128
i2607     = ((i2221 << 128 + x128) << 128 + x128) << 128
i2866     = ((x128 + i2607) << 128 + x128) << 128 + x128
i3249     = ((i2866 << 128 + x128) << 128 + x128) << 125
return      x125 + i3249
