_10       = 2*1
_100      = 2*_10
_1000     = 2*_100
_1010     = _10 + _1000
_1011     = 1 + _1010
_1111     = _100 + _1011
_10001    = _10 + _1111
_11011    = _1010 + _10001
_110110   = 2*_11011
_1000111  = _10001 + _110110
_1100010  = _11011 + _1000111
_1110001  = _1111 + _1100010
_10111000 = _1000111 + _1110001
_11000111 = _1111 + _10111000
i15       = _1100010 + _11000111
i16       = _11000111 + i15
i17       = _1110001 + i16
i18       = _10111000 + i17
i19       = 1 + i18
i20       = i16 + i19
i23       = 2*i20 + i20 + i18
i24       = i20 + i23
i25       = i19 + i24
i26       = i24 + i25
i27       = i17 + i26
i28       = i26 + i27
i29       = i27 + i28
i30       = i23 + i29
i31       = i15 + i30
i33       = 2*i31 + i30
i35       = 2*i33 + i25
i36       = i33 + i35
i39       = 2*i36 + i36 + i35
i40       = i29 + i39
i41       = i28 + i40
i42       = i39 + i41
i43       = i31 + i42
i44       = i41 + i43
i45       = i42 + i44
i46       = i36 + i45
i48       = 2*i46 + i44
i49       = i46 + i48
i50       = i43 + i49
i51       = i49 + i50
i53       = 2*i51 + i40
i54       = i45 + i53
i55       = i53 + i54
i56       = i51 + i55
i57       = i48 + i56
i58       = i55 + i57
i59       = i50 + i58
i60       = i54 + i59
i61       = i59 + i60
i62       = i57 + i61
i63       = i60 + i62
i65       = 2*i63 + i58
i66       = i62 + i65
i67       = i56 + i66
i68       = i61 + i67
i69       = i63 + i68
i70       = i66 + i69
i71       = i68 + i70
i72       = i69 + i71
i74       = 2*i72 + i70
i76       = 2*i74 + i71
i77       = i65 + i76
i78       = i67 + i77
i79       = i76 + i78
i80       = i74 + i79
i83       = 2*i80 + i80 + i72
i84       = i78 + i83
i85       = i83 + i84
i86       = i80 + i85
i87       = i79 + i86
i88       = i84 + i87
i89       = i85 + i88
i91       = 2*i89 + i86
i94       = i91 << 2 + i77
i95       = i87 + i94
i96       = i91 + i95
i97       = i95 + i96
i98       = i89 + i97
i99       = i94 + i98
i100      = i97 + i99
i101      = i96 + i100
i102      = i88 + i101
i103      = i98 + i102
i104      = i100 + i103
i105      = i103 + i104
i106      = i99 + i105
i107      = i104 + i106
i108      = i102 + i107
i109      = i101 + i108
i110      = i108 + i109
i111      = i106 + i110
i112      = i107 + i111
i113      = i110 + i112
i114      = i105 + i113
i115      = i111 + i114
i116      = i112 + i115
i117      = i109 + i116
i118      = i116 + i117
i119      = i113 + i118
i120      = i117 + i119
i121      = i114 + i120
i122      = i119 + i121
i123      = i118 + i122
i125      = 2*i123 + i115
i126      = i121 + i125
i127      = i122 + i126
i128      = i120 + i127
i129      = i123 + i128
i130      = i128 + i129
i132      = 2*i130 + i126
i135      = 2*i132 + i132 + i130
i138      = i135 << 2 + i127
i141      = 2*i138 + i138 + i132
i142      = i129 + i141
i143      = i138 + i142
i144      = i135 + i143
i145      = i143 + i144
i146      = i125 + i145
i147      = i142 + i146
i150      = 2*i147 + i147 + i146
i151      = i144 + i150
i152      = i147 + i151
i153      = i150 + i152
i154      = i145 + i153
i155      = i141 + i154
i156      = i154 + i155
i157      = i151 + i156
i158      = i155 + i157
i159      = i153 + i158
i160      = i157 + i159
i161      = i152 + i160
i162      = i159 + i161
i163      = i156 + i162
i164      = i160 + i163
i165      = i163 + i164
i166      = i162 + i165
i167      = i158 + i166
i168      = i161 + i167
i169      = i167 + i168
i170      = i165 + i169
i171      = i164 + i170
i172      = i166 + i171
i175      = 2*i172 + i172 + i171
i176      = i168 + i175
i178      = 2*i176 + i175
i179      = i172 + i178
i180      = i170 + i179
i181      = i169 + i180
i182      = i178 + i181
i185      = 2*i182 + i182 + i176
i186      = i181 + i185
i187      = i179 + i186
i189      = 2*i187 + i186
i190      = i182 + i189
i191      = i180 + i190
i192      = i187 + i191
i193      = i189 + i192
i194      = i190 + i193
i195      = i185 + i194
i196      = i193 + i195
i197      = i194 + i196
i199      = 2*i197 + i195
i200      = i196 + i199
i202      = 2*i200 + i191
i203      = i192 + i202
i204      = i199 + i203
i205      = i200 + i204
i206      = i203 + i205
i207      = i205 + i206
i208      = i197 + i207
i210      = 2*i208 + i204
i211      = i202 + i210
i212      = i207 + i211
i213      = i211 + i212
i215      = 2*i213 + i208
i216      = i210 + i215
i217      = i213 + i216
i218      = i216 + i217
i219      = i212 + i218
i220      = i215 + i219
i222      = 2*i220 + i217
i223      = i220 + i222
i224      = i219 + i223
i225      = i206 + i224
i226      = i223 + i225
i227      = i225 + i226
i228      = i218 + i227
i229      = i224 + i228
i230      = i228 + i229
i231      = i227 + i230
i232      = i230 + i231
i233      = i226 + i232
i234      = i232 + i233
i235      = i222 + i234
i236      = i229 + i235
i237      = i233 + i236
i238      = i231 + i237
i239      = i234 + i238
i241      = 2*i239 + i238
i242      = i235 + i241
i243      = i239 + i242
i244      = i236 + i243
i245      = i242 + i244
i246      = i243 + i245
i249      = 2*i246 + i246 + i245
i250      = i237 + i249
i251      = i244 + i250
i252      = i241 + i251
i253      = _1011 + i252
i254      = i252 + i253
i256      = 2*i254 + i251
i257      = i249 + i256
i258      = i246 + i257
i259      = i256 + i258
i260      = i258 + i259
i261      = i254 + i260
i262      = i250 + i261
i263      = i253 + i262
i264      = i259 + i263
i265      = i257 + i264
i266      = i264 + i265
i267      = i263 + i266
i268      = i265 + i267
i269      = i261 + i268
i270      = i262 + i269
i271      = i266 + i270
i272      = i267 + i271
i273      = 2*i270
i274      = i260 + i272
i275      = 2*i273
i276      = i272 + i274
i277      = i269 + i276
x128      = i268 + i277
i663      = ((i275 << 128 + i276) << 128 + i277) << 127
i924      = ((i274 + i663) << 130 + x128) << 128 + x128
i1310     = ((i924 << 128 + x128) << 128 + x128) << 128
i1569     = ((x128 + i1310) << 128 + x128) << 128 + x128
i1955     = ((i1569 << 128 + x128) << 128 + x128) << 128
i2214     = ((x128 + i1955) << 128 + x128) << 128 + x128
i2600     = ((i2214 << 128 + x128) << 128 + x128) << 128
i2859     = ((x128 + i2600) << 128 + x128) << 128 + x128
i3243     = ((i2859 << 128 + x128) << 128 + x128) << 126
return      i271 + i3243
