_10       = 2*1
_100      = 2*_10
_110      = _10 + _100
_1100     = 2*_110
_1101     = 1 + _1100
_1111     = _10 + _1101
_10101    = _110 + _1111
_11000    = 2*_1100
_100010   = _1101 + _10101
_101111   = _1101 + _100010
_111011   = _1100 + _101111
_1010011  = _11000 + _111011
_1110101  = _100010 + _1010011
_11001000 = _1010011 + _1110101
i15       = _111011 + _11001000
i16       = _101111 + i15
i17       = _11001000 + i16
i19       = 2*i17 + _10101
i20       = i16 + i19
i23       = 2*i20 + i20 + i15
i24       = i17 + i23
i25       = _1110101 + i24
i26       = i23 + i25
i27       = i25 + i26
i28       = i26 + i27
i29       = i27 + i28
i30       = i24 + i29
i31       = i19 + i30
i32       = i28 + i31
i33       = i31 + i32
i34       = i30 + i33
i35       = i33 + i34
i36       = i32 + i35
i37       = i20 + i36
i38       = i34 + i37
i40       = 2*i38 + i29
i43       = 2*i40 + i40 + i37
i44       = i36 + i43
i45       = i35 + i44
i46       = i40 + i45
i47       = i45 + i46
i48       = i38 + i47
i49       = i43 + i48
i51       = 2*i49 + i44
i52       = i47 + i51
i56       = i52 << 2 + i52 + i48
i57       = i49 + i56
i58       = i51 + i57
i60       = 2*i58 + i56
i61       = i52 + i60
i62       = i46 + i61
i64       = 2*i62 + i58
i66       = 2*i64 + i57
i67       = i61 + i66
i68       = i64 + i67
i69       = i67 + i68
i70       = i60 + i69
i71       = i69 + i70
i72       = i66 + i71
i73       = i68 + i72
i74       = i62 + i73
i77       = i74 << 2 + i71
i78       = i73 + i77
i80       = 2*i78 + i74
i81       = i77 + i80
i82       = i78 + i81
i83       = i70 + i82
i84       = i80 + i83
i85       = i81 + i84
i86       = i72 + i85
i89       = 2*i86 + i86 + i82
i90       = i85 + i89
i91       = i84 + i90
i92       = i90 + i91
i93       = i86 + i92
i94       = i83 + i93
i97       = 2*i94 + i94 + i91
i98       = i93 + i97
i99       = i89 + i98
i100      = i97 + i99
i101      = i99 + i100
i102      = i98 + i101
i103      = i92 + i102
i104      = i94 + i103
i105      = i103 + i104
i106      = i101 + i105
i107      = i100 + i106
i108      = i102 + i107
i109      = i104 + i108
i110      = i105 + i109
i111      = i106 + i110
i112      = i107 + i111
i114      = 2*i112 + i110
i115      = i112 + i114
i116      = i108 + i115
i118      = 2*i116 + i115
i119      = i114 + i118
i120      = i116 + i119
i121      = i118 + i120
i124      = 2*i121 + i121 + i111
i125      = i121 + i124
i127      = 2*i125 + i119
i128      = i109 + i127
i129      = i120 + i128
i130      = i125 + i129
i131      = i127 + i130
i133      = 2*i131 + i128
i134      = i131 + i133
i135      = i130 + i134
i136      = i124 + i135
i137      = i129 + i136
i139      = 2*i137 + i134
i140      = i133 + i139
i142      = 2*i140 + i136
i143      = i140 + i142
i144      = i135 + i143
i145      = i139 + i144
i146      = i137 + i145
i148      = 2*i146 + i143
i149      = i145 + i148
i151      = 2*i149 + i146
i152      = i144 + i151
i153      = i142 + i152
i154      = i149 + i153
i155      = i148 + i154
i159      = i155 << 2 + i155 + i151
i160      = i155 + i159
i161      = i152 + i160
i163      = 2*i161 + i159
i164      = i160 + i163
i165      = i154 + i164
i167      = 2*i165 + i163
i168      = i164 + i167
i169      = i161 + i168
i171      = 2*i169 + i168
i172      = i153 + i171
i173      = i167 + i172
i174      = i172 + i173
i175      = i173 + i174
i176      = i165 + i175
i177      = i171 + i176
i179      = 2*i177 + i169
i180      = i174 + i179
i181      = i175 + i180
i182      = i179 + i181
i183      = i177 + i182
i184      = i182 + i183
i185      = i176 + i184
i186      = i183 + i185
i187      = i181 + i186
i188      = i184 + i187
i189      = i180 + i188
i190      = i185 + i189
i191      = i187 + i190
i192      = i189 + i191
i193      = i186 + i192
i195      = 2*i193 + i192
i196      = i191 + i195
i199      = i196 << 2 + i195
i200      = i190 + i199
i201      = i196 + i200
i202      = i193 + i201
i203      = i200 + i202
i204      = i188 + i203
i205      = i199 + i204
i206      = i201 + i205
i207      = i204 + i206
i208      = i202 + i207
i209      = i206 + i208
i210      = i203 + i209
i211      = i208 + i210
i212      = i209 + i211
i213      = i210 + i212
i214      = i207 + i213
i215      = i205 + i214
i216      = i211 + i215
i217      = i213 + i216
i218      = i212 + i217
i220      = 2*i218 + i214
i221      = i218 + i220
i222      = _1111 + i221
i223      = i220 + i222
i224      = i217 + i223
i225      = i221 + i224
i226      = i215 + i225
i227      = i223 + i226
i228      = i225 + i227
i229      = i226 + i228
i230      = i224 + i229
i231      = i222 + i230
i233      = 2*i231 + i216
i234      = i230 + i233
i235      = i233 + i234
i236      = i229 + i235
i239      = 2*i236 + i236 + i228
i240      = i235 + i239
i241      = i236 + i240
i242      = i227 + i241
i243      = i231 + i242
i246      = 2*i243 + i243 + i234
i247      = i241 + i246
i248      = i243 + i247
i249      = i239 + i248
i250      = i240 + i249
i251      = i249 + i250
i252      = i247 + i251
i254      = 2*i252 + i246
i255      = i250 + i254
i256      = i248 + i255
i259      = 2*i256 + i256 + i254
i260      = i242 + i259
i261      = i251 + i260
i262      = i260 + i261
i263      = i255 + i262
i264      = i259 + i263
i265      = i262 + i264
i266      = i261 + i265
i267      = i256 + i266
i268      = i252 + i267
i269      = i263 + i268
i270      = i268 + i269
i271      = i265 + i270
i272      = i270 + i271
i273      = i264 + i272
i274      = i269 + i273
x124      = i266 + i274
i276      = i271 + x124
i278      = 2*i276 + i267
i279      = i272 + i278
i280      = i274 + i279
i281      = i278 + i280
i283      = i273 + i281 + i279
x128      = i280 + i283
i542      = ((i264 + x128) << 128 + i281) << 127 + i276
i931      = ((i542 << 131 + i283) << 128 + x128) << 128
i1190     = ((x128 + i931) << 128 + x128) << 128 + x128
i1576     = ((i1190 << 128 + x128) << 128 + x128) << 128
i1835     = ((x128 + i1576) << 128 + x128) << 128 + x128
i2221     = ((i1835 << 128 + x128) << 128 + x128) << 128
i2480     = ((x128 + i2221) << 128 + x128) << 128 + x128
i2866     = ((i2480 << 128 + x128) << 128 + x128) << 128
i3125     = ((x128 + i2866) << 128 + x128) << 128 + x128
return      i3125 << 124 + x124
