_10       = 2*1
_100      = 2*_10
_101      = 1 + _100
_110      = 1 + _101
_1100     = 2*_110
_10001    = _101 + _1100
_10111    = _110 + _10001
_11000    = 1 + _10111
_11110    = _110 + _11000
_100000   = _10 + _11110
_110001   = _10001 + _100000
_111101   = _1100 + _110001
_1101110  = _110001 + _111101
_10001110 = _100000 + _1101110
_11001011 = _111101 + _10001110
_11001101 = _10 + _11001011
_11001110 = 1 + _11001101
_11100110 = _11000 + _11001110
_11111101 = _10111 + _11100110
i20       = _1101110 + _11111101
i21       = _11001011 + i20
i23       = 2*i21 + _110
i24       = _11001101 + i23
i25       = _11110 + i24
i26       = _11100110 + i25
i27       = _11001110 + i26
i28       = _11111101 + i27
i29       = _111101 + i28
i30       = i20 + i29
i31       = i23 + i30
i32       = i21 + i31
i33       = i27 + i32
i34       = i31 + i33
i35       = _10001110 + i34
i36       = i28 + i35
i37       = i30 + i36
i38       = i24 + i37
i39       = i33 + i38
i40       = i38 + i39
i41       = i32 + i40
i42       = i34 + i41
i43       = i25 + i42
i44       = i29 + i43
i45       = i36 + i44
i46       = i39 + i45
i47       = i26 + i46
i48       = i40 + i47
i49       = i42 + i48
i50       = i48 + i49
i51       = i35 + i50
i52       = i37 + i51
i53       = i46 + i52
i54       = i45 + i53
i55       = i52 + i54
i56       = i47 + i55
i57       = i41 + i56
i58       = i44 + i57
i59       = i51 + i58
i60       = i53 + i59
i61       = i50 + i60
i62       = i55 + i61
i63       = i57 + i62
i64       = i49 + i63
i65       = i62 + i64
i66       = i43 + i65
i67       = i59 + i66
i68       = i60 + i67
i69       = i64 + i68
i70       = i54 + i69
i71       = i67 + i70
i72       = i58 + i71
i73       = i63 + i72
i74       = i56 + i73
i75       = i61 + i74
i76       = i73 + i75
i77       = i70 + i76
i78       = i68 + i77
i79       = i74 + i78
i80       = i66 + i79
i81       = i75 + i80
i82       = i71 + i81
i83       = i65 + i82
i84       = i69 + i83
i85       = i77 + i84
i86       = i80 + i85
i87       = i84 + i86
i88       = i78 + i87
i89       = i72 + i88
i90       = i79 + i89
i92       = 2*i90 + i82
i93       = i81 + i92
i94       = i86 + i93
i95       = i90 + i94
i96       = i76 + i95
i97       = i85 + i96
i98       = i93 + i97
i99       = i92 + i98
i100      = i83 + i99
i101      = i94 + i100
i102      = i89 + i101
i103      = i96 + i102
i104      = i102 + i103
i105      = i95 + i104
i106      = i99 + i105
i107      = i103 + i106
i108      = i101 + i107
i109      = i100 + i108
i110      = i105 + i109
i111      = i87 + i110
i112      = i97 + i111
i113      = i98 + i112
i114      = i88 + i113
i115      = i113 + i114
i116      = i112 + i115
i117      = i104 + i116
i118      = i108 + i117
i119      = i106 + i118
i120      = i107 + i119
i121      = i114 + i120
i123      = 2*i121 + i119
i124      = i111 + i123
i125      = i116 + i124
i126      = i109 + i125
i127      = i117 + i126
i129      = 2*i127 + i120
i130      = i123 + i129
i131      = i121 + i130
i132      = i126 + i131
i133      = i124 + i132
i134      = i110 + i133
i135      = i115 + i134
i136      = i130 + i135
i137      = i127 + i136
i138      = i131 + i137
i139      = i133 + i138
i140      = i136 + i139
i141      = i137 + i140
i142      = i129 + i141
i143      = i125 + i142
i144      = i132 + i143
i145      = i118 + i144
i146      = i138 + i145
i148      = 2*i146 + i141
i149      = i140 + i148
i150      = i143 + i149
i151      = i139 + i150
i152      = i145 + i151
i153      = i135 + i152
i154      = i144 + i153
i155      = i153 + i154
i156      = i142 + i155
i157      = i134 + i156
i158      = i149 + i157
i159      = i151 + i158
i160      = i148 + i159
i161      = i150 + i160
i162      = i152 + i161
i163      = i157 + i162
i164      = i159 + i163
i165      = i156 + i164
i166      = i154 + i165
i167      = i155 + i166
i168      = i146 + i167
i169      = i164 + i168
i170      = i163 + i169
i171      = i161 + i170
i172      = i165 + i171
i173      = i171 + i172
i174      = i168 + i173
i175      = i167 + i174
i176      = i162 + i175
i177      = i158 + i176
x57       = i173 + i177
i179      = i176 + x57
i180      = i160 + i179
i181      = i177 + i180
i182      = i180 + i181
i183      = i175 + i182
i184      = i166 + i183
i185      = i172 + i184
i186      = i182 + i185
i187      = i181 + i186
i188      = i169 + i187
i189      = i174 + i188
i190      = i179 + i189
i191      = i184 + i190
i192      = 2*i187
i193      = i185 + i191
i194      = 2*i192
i196      = 2*i193 + i183
i197      = 2*i194
i199      = 2*i196 + i190
i200      = i170 + i199
i201      = i188 + i200
x64       = i186 + i201
i399      = ((i197 << 62 + i189) << 69 + i199) << 64
i531      = ((i196 + i399) << 63 + i193) << 66 + i201
i727      = ((i531 << 64 + i191) << 66 + i200) << 64
i858      = ((x64 + i727) << 64 + x64) << 64 + x64
i1052     = ((i858 << 64 + x64) << 64 + x64) << 64
i1183     = ((x64 + i1052) << 64 + x64) << 64 + x64
i1377     = ((i1183 << 64 + x64) << 64 + x64) << 64
i1508     = ((x64 + i1377) << 64 + x64) << 64 + x64
i1702     = ((i1508 << 64 + x64) << 64 + x64) << 64
i1833     = ((x64 + i1702) << 64 + x64) << 64 + x64
return      (i1833 << 64 + x64) << 57 + x57
