_10       = 2*1
_100      = 2*_10
_101      = 1 + _100
_1010     = 2*_101
_1111     = _101 + _1010
_10001    = _10 + _1111
_10100    = _101 + _1111
_11000    = _100 + _10100
_11100    = _100 + _11000
_110000   = _10100 + _11100
_1000001  = _10001 + _110000
_10000010 = 2*_1000001
_11000011 = _1000001 + _10000010
_11011011 = _11000 + _11000011
_11100000 = _101 + _11011011
i16       = _110000 + _11100000
i17       = _11100000 + i16
i18       = _11100 + i17
i19       = _1000001 + i18
i20       = i16 + i19
i21       = _11011011 + i20
i22       = i19 + i21
i23       = i17 + i22
i24       = i18 + i23
i26       = 2*i24 + i21
i27       = i24 + i26
i28       = i26 + i27
i29       = i22 + i28
i30       = i20 + i29
i31       = i27 + i30
i32       = i29 + i31
i33       = i31 + i32
i34       = i30 + i33
i35       = i33 + i34
i36       = i32 + i35
i37       = i23 + i36
i39       = 2*i37 + i35
i41       = 2*i39 + i36
i42       = i28 + i41
i43       = i39 + i42
i44       = i37 + i43
i45       = i34 + i44
i48       = 2*i45 + i45 + i42
i50       = 2*i48 + i41
i51       = i43 + i50
i52       = i48 + i51
i54       = 2*i52 + i45
i56       = 2*i54 + i51
i58       = 2*i56 + i50
i59       = i54 + i58
i60       = i44 + i59
i61       = i56 + i60
i62       = i60 + i61
i63       = i58 + i62
i65       = 2*i63 + i52
i66       = i61 + i65
i67       = i59 + i66
i68       = i63 + i67
i69       = i62 + i68
i70       = i68 + i69
i71       = i67 + i70
i72       = i69 + i71
i73       = i65 + i72
i74       = i72 + i73
i75       = i66 + i74
i77       = 2*i75 + i70
i78       = i71 + i77
i80       = 2*i78 + i73
i81       = i75 + i80
i82       = i74 + i81
i83       = i78 + i82
i85       = 2*i83 + i77
i87       = 2*i85 + i83
i88       = i81 + i87
i89       = i80 + i88
i90       = i82 + i89
i91       = i85 + i90
i92       = i90 + i91
i93       = i91 + i92
i94       = i89 + i93
i95       = i87 + i94
i96       = i88 + i95
i97       = i92 + i96
i98       = i94 + i97
i99       = i96 + i98
i100      = i95 + i99
i101      = i99 + i100
i102      = i93 + i101
i103      = i98 + i102
i104      = i97 + i103
i105      = i101 + i104
i106      = i100 + i105
i107      = i103 + i106
i109      = 2*i107 + i104
i110      = i102 + i109
i111      = i109 + i110
i115      = 2*(2*i111 + i111) + i105
i116      = i110 + i115
i117      = i111 + i116
i118      = i107 + i117
i119      = i106 + i118
i120      = i115 + i119
i122      = 2*i120 + i118
i123      = i116 + i122
i124      = i122 + i123
i125      = i119 + i124
i127      = 2*i125 + i117
i128      = i120 + i127
i129      = i124 + i128
i130      = i123 + i129
i131      = i128 + i130
i132      = i129 + i131
i133      = i130 + i132
i134      = i127 + i133
i135      = i131 + i134
i136      = i125 + i135
i137      = i133 + i136
i138      = i136 + i137
i140      = 2*i138 + i132
i141      = i135 + i140
i142      = i140 + i141
i145      = 2*i142 + i142 + i134
i146      = i137 + i145
i147      = i142 + i146
i148      = i146 + i147
i150      = 2*i148 + i138
i151      = i148 + i150
i152      = i150 + i151
i153      = i147 + i152
i154      = i141 + i153
i155      = i153 + i154
i157      = 2*i155 + i145
i158      = i152 + i157
i159      = i155 + i158
i161      = 2*i159 + i151
i162      = i158 + i161
i164      = 2*i162 + i154
i165      = i161 + i164
i166      = i159 + i165
i167      = i165 + i166
i168      = i157 + i167
i170      = 2*i168 + i166
i171      = i164 + i170
i172      = i167 + i171
i173      = i168 + i172
i174      = i162 + i173
i176      = 2*i174 + i170
i177      = i171 + i176
i178      = _1111 + i177
i180      = 2*i178 + i173
i181      = i172 + i180
i182      = i174 + i181
i183      = i178 + i182
i186      = 2*i183 + i183 + i181
i187      = i177 + i186
i188      = i180 + i187
i189      = i183 + i188
i190      = i176 + i189
i191      = i187 + i190
i192      = i182 + i191
i193      = i189 + i192
i194      = i191 + i193
i195      = i193 + i194
i198      = 2*i195 + i195 + i186
i199      = i188 + i198
i200      = i195 + i199
i201      = i192 + i200
i202      = i194 + i201
i203      = i198 + i202
i204      = i199 + i203
i205      = i200 + i204
i206      = i203 + i205
i207      = i190 + i206
i208      = i206 + i207
i209      = i202 + i208
i210      = i201 + i209
i211      = i204 + i210
i212      = i207 + i211
i213      = i205 + i212
i214      = i208 + i213
i215      = i209 + i214
i216      = i211 + i215
i217      = i214 + i216
i218      = i212 + i217
i219      = i215 + i218
i220      = i213 + i219
i221      = i210 + i220
i222      = i218 + i221
i223      = i220 + i222
i224      = i221 + i223
i225      = i216 + i224
i227      = 2*i225 + i224
i228      = i219 + i227
i229      = i227 + i228
i230      = i225 + i229
i231      = i229 + i230
i232      = i217 + i231
i233      = i223 + i232
i234      = i232 + i233
i235      = i231 + i234
i236      = i222 + i235
i237      = i228 + i236
i238      = i236 + i237
i239      = i234 + i238
i240      = i233 + i239
i241      = i237 + i240
i242      = i230 + i241
i244      = 2*i242 + i238
i245      = i242 + i244
i246      = i239 + i245
i247      = i240 + i246
i248      = i235 + i247
i249      = i246 + i248
i251      = 2*i249 + i248
i254      = i251 << 2 + i244
i255      = i249 + i254
i256      = i247 + i255
i258      = 2*i256 + i241
i259      = i255 + i258
i260      = i254 + i259
i261      = i256 + i260
i262      = i251 + i261
i263      = i245 + i262
i264      = i259 + i263
i266      = 2*i264 + i261
i267      = i264 + i266
i268      = i260 + i267
i269      = i262 + i268
i270      = i267 + i269
i271      = i263 + i270
i272      = i268 + i271
i273      = i266 + i272
i274      = i269 + i273
x124      = 2*i274 + i271
i277      = i258 + x124
i278      = i273 + i277
i280      = 2*i278 + i272
i281      = i270 + i280
i282      = i278 + i281
i283      = i280 + i282
i284      = i277 + i283
i285      = i274 + i284
x128      = i283 + i285
i675      = ((i285 << 127 + i282) << 129 + i281) << 131
i934      = ((i284 + i675) << 128 + x128) << 128 + x128
i1320     = ((i934 << 128 + x128) << 128 + x128) << 128
i1579     = ((x128 + i1320) << 128 + x128) << 128 + x128
i1965     = ((i1579 << 128 + x128) << 128 + x128) << 128
i2224     = ((x128 + i1965) << 128 + x128) << 128 + x128
i2610     = ((i2224 << 128 + x128) << 128 + x128) << 128
i2869     = ((x128 + i2610) << 128 + x128) << 128 + x128
i3255     = ((i2869 << 128 + x128) << 128 + x128) << 128
i3514     = ((x128 + i3255) << 128 + x128) << 128 + x128
i3900     = ((i3514 << 128 + x128) << 128 + x128) << 128
i4159     = ((x128 + i3900) << 128 + x128) << 128 + x128
return      i4159 << 124 + x124
