_10      = 2*1
_100     = 2*_10
_101     = 1 + _100
_1010    = 2*_101
_1011    = 1 + _1010
_1101    = _10 + _1011
_11010   = 2*_1101
_11111   = _101 + _11010
_100011  = _100 + _11111
_100101  = _10 + _100011
_110000  = _1011 + _100101
_1100000 = 2*_110000
_1100001 = 1 + _1100000
i17      = _1100001 << 2 + _1100001 + _1101
i18      = _110000 + i17
i19      = _1100001 + i18
i20      = _100101 + i19
i21      = _100011 + i20
i22      = i20 + i21
i23      = i17 + i22
i24      = i22 + i23
i25      = i19 + i24
i26      = i18 + i25
i27      = i23 + i26
i28      = i24 + i27
i29      = i26 + i28
i31      = 2*i29 + i25
i32      = i28 + i31
i33      = i27 + i32
i35      = 2*i33 + i29
i36      = i21 + i35
i37      = i32 + i36
i38      = i33 + i37
i39      = i31 + i38
i40      = i35 + i39
i43      = 2*i40 + i40 + i38
i44      = i36 + i43
i45      = i39 + i44
i48      = i45 << 2 + i44
i49      = i40 + i48
i50      = i45 + i49
i51      = i37 + i50
i53      = 2*i51 + i43
i54      = i48 + i53
i55      = i53 + i54
i56      = i54 + i55
i58      = 2*i56 + i50
i59      = i56 + i58
i60      = i51 + i59
i61      = i49 + i60
i62      = i59 + i61
i64      = 2*i62 + i61
i65      = i60 + i64
i66      = i55 + i65
i67      = i62 + i66
i70      = i67 << 2 + i65
i71      = i58 + i70
i72      = i66 + i71
i73      = i64 + i72
i74      = i67 + i73
i76      = 2*i74 + i71
i77      = i73 + i76
i79      = 2*i77 + i70
i80      = i77 + i79
i81      = i74 + i80
i83      = 2*i81 + i79
i84      = i80 + i83
i85      = i72 + i84
i86      = i83 + i85
i87      = i76 + i86
i88      = i81 + i87
i91      = 2*i88 + i88 + i86
i94      = 2*i91 + i91 + i88
i95      = i85 + i94
i96      = i87 + i95
i97      = i94 + i96
i98      = i95 + i97
i99      = i84 + i98
i100     = i98 + i99
i101     = i97 + i100
i102     = i100 + i101
i103     = i91 + i102
i104     = i99 + i103
i105     = i96 + i104
i106     = i102 + i105
i107     = i103 + i106
i108     = i101 + i107
i109     = i104 + i108
i110     = i107 + i109
i111     = i105 + i110
i112     = i108 + i111
i113     = i109 + i112
i114     = i106 + i113
i115     = i110 + i114
i116     = i111 + i115
i117     = i113 + i116
i119     = 2*i117 + i114
i120     = i112 + i119
i122     = 2*i120 + i117
i123     = i116 + i122
i124     = i119 + i123
i125     = i115 + i124
i128     = 2*i125 + i125 + i120
i129     = i123 + i128
i131     = 2*i129 + i122
i132     = i124 + i131
i135     = 2*i132 + i132 + i125
i136     = i132 + i135
i137     = i131 + i136
i138     = i135 + i137
i139     = i137 + i138
i141     = 2*i139 + i136
i142     = i128 + i141
i143     = i141 + i142
i144     = i138 + i143
i145     = i142 + i144
i146     = i129 + i145
i148     = 2*i146 + i139
i149     = i146 + i148
i150     = i143 + i149
i151     = i144 + i150
i154     = 2*i151 + i151 + i145
i155     = i148 + i154
i156     = i154 + i155
i157     = i151 + i156
i158     = i150 + i157
i160     = 2*i158 + i155
i161     = i157 + i160
i162     = i160 + i161
i163     = i149 + i162
i164     = i158 + i163
i165     = i163 + i164
i166     = i156 + i165
i168     = 2*i166 + i162
i169     = i161 + i168
i170     = i164 + i169
i174     = 2*(2*i170 + i170) + i165
i175     = _11111 + i174
i176     = i168 + i175
i178     = 2*i176 + i166
i181     = 2*i178 + i178 + i169
i182     = i178 + i181
i183     = i176 + i182
i184     = i182 + i183
i187     = 2*i184 + i184 + i183
i188     = i184 + i187
i189     = i175 + i188
i190     = i181 + i189
i191     = i188 + i190
i193     = 2*i191 + i170
i194     = i174 + i193
i195     = i187 + i194
i196     = i190 + i195
i197     = i195 + i196
i198     = i191 + i197
i199     = i194 + i198
i200     = i197 + i199
i201     = i193 + i200
i202     = i200 + i201
i203     = i198 + i202
i204     = i189 + i203
i205     = i196 + i204
i206     = i201 + i205
i207     = i203 + i206
i208     = i202 + i207
i210     = 2*i208 + i205
i211     = i204 + i210
i212     = i199 + i211
i213     = i207 + i212
i214     = i208 + i213
i215     = i211 + i214
i217     = 2*i215 + i210
i218     = i206 + i217
i219     = i212 + i218
i220     = i215 + i219
i221     = i213 + i220
i222     = i219 + i221
i223     = i214 + i222
i224     = i220 + i223
i225     = i217 + i224
i226     = i221 + i225
i228     = 2*i226 + i224
i229     = i225 + i228
i230     = i222 + i229
i232     = 2*i230 + i223
i233     = i228 + i232
i234     = i218 + i233
i236     = 2*i234 + i232
i237     = i233 + i236
i238     = i230 + i237
i239     = i234 + i238
i240     = i226 + i239
i241     = i236 + i240
i244     = 2*i241 + i241 + i240
i245     = i239 + i244
i246     = i244 + i245
i248     = 2*i246 + i237
i249     = i246 + i248
i250     = i229 + i249
i251     = i238 + i250
i252     = i248 + i251
i253     = i250 + i252
i255     = 2*i253 + i251
i256     = i252 + i255
i257     = i245 + i256
i258     = i253 + i257
i260     = 2*i258 + i255
i262     = 2*i260 + i258
i263     = i256 + i262
i264     = i260 + i263
i265     = i257 + i264
i266     = i262 + i265
i267     = i249 + i266
i268     = i263 + i267
i269     = i266 + i268
i270     = i241 + i269
i271     = i269 + i270
i272     = i267 + i271
i273     = i265 + i272
x123     = i264 + i273
i275     = i271 + x123
i276     = i270 + i275
i277     = i268 + i276
i280     = 2*i277 + i277 + i275
i281     = i272 + i280
i282     = i273 + i281
i283     = i281 + i282
i284     = i280 + i283
i285     = i276 + i284
x128     = i277 + i285
i676     = ((i283 << 132 + i284) << 127 + i282) << 129
i935     = ((i285 + i676) << 128 + x128) << 128 + x128
i1321    = ((i935 << 128 + x128) << 128 + x128) << 128
i1580    = ((x128 + i1321) << 128 + x128) << 128 + x128
i1966    = ((i1580 << 128 + x128) << 128 + x128) << 128
i2225    = ((x128 + i1966) << 128 + x128) << 128 + x128
i2611    = ((i2225 << 128 + x128) << 128 + x128) << 128
i2870    = ((x128 + i2611) << 128 + x128) << 128 + x128
i3256    = ((i2870 << 128 + x128) << 128 + x128) << 128
i3515    = ((x128 + i3256) << 128 + x128) << 128 + x128
i3901    = ((i3515 << 128 + x128) << 128 + x128) << 128
i4160    = ((x128 + i3901) << 128 + x128) << 128 + x128
return     i4160 << 123 + x123
