_10       = 2*1
_11       = 1 + _10
_110      = 2*_11
_1100     = 2*_110
_1101     = 1 + _1100
_1110     = 1 + _1101
_10100    = _110 + _1110
_10101    = 1 + _10100
_100011   = _1110 + _10101
_110001   = _1110 + _100011
_110100   = _11 + _110001
_1101000  = 2*_110100
_1111100  = _10100 + _1101000
_10110000 = _110100 + _1111100
_10111101 = _1101 + _10110000
_11100000 = _100011 + _10111101
i17       = _1111100 + _11100000
i18       = _110001 + i17
i20       = 2*i18 + _10110000
i21       = _11100000 + i20
i22       = i18 + i21
i24       = 2*i22 + i21
i27       = 2*i24 + i24 + i17
i28       = i24 + i27
i29       = i20 + i28
i30       = i27 + i29
i31       = _10111101 + i30
i33       = 2*i31 + i29
i34       = i30 + i33
i35       = i22 + i34
i40       = 2*(i35 << 2 + i35) + i31
i41       = i28 + i40
i42       = i35 + i41
i43       = i33 + i42
i44       = i40 + i43
i45       = i34 + i44
i48       = i45 << 2 + i43
i49       = i41 + i48
i50       = i45 + i49
i51       = i44 + i50
i52       = i48 + i51
i53       = i49 + i52
i54       = i42 + i53
i55       = i50 + i54
i56       = i52 + i55
i57       = i53 + i56
i58       = i55 + i57
i59       = i54 + i58
i63       = 2*(2*i59 + i59) + i58
i64       = i51 + i63
i65       = i56 + i64
i69       = 2*(2*i65 + i65) + i59
i70       = i63 + i69
i71       = i57 + i70
i72       = i64 + i71
i75       = 2*i72 + i72 + i65
i76       = i69 + i75
i77       = i71 + i76
i78       = i70 + i77
i79       = i72 + i78
i80       = i76 + i79
i82       = 2*i80 + i78
i84       = 2*i82 + i80
i85       = i79 + i84
i86       = i84 + i85
i87       = i82 + i86
i88       = i85 + i87
i89       = i75 + i88
i90       = i86 + i89
i92       = 2*i90 + i88
i93       = i87 + i92
i94       = i92 + i93
i95       = i90 + i94
i97       = 2*i95 + i89
i98       = i95 + i97
i99       = i77 + i98
i100      = i93 + i99
i101      = i98 + i100
i102      = i94 + i101
i103      = i97 + i102
i106      = 2*i103 + i103 + i99
i107      = i103 + i106
i108      = i101 + i107
i109      = i106 + i108
i110      = i100 + i109
i111      = i108 + i110
i112      = i110 + i111
i113      = i111 + i112
i115      = 2*i113 + i109
i116      = i107 + i115
i117      = i112 + i116
i118      = i113 + i117
i119      = i102 + i118
i121      = 2*i119 + i117
i122      = i115 + i121
i123      = i116 + i122
i124      = i118 + i123
i125      = i123 + i124
i126      = i124 + i125
i127      = i125 + i126
i128      = i126 + i127
i129      = i119 + i128
i130      = i122 + i129
i131      = i121 + i130
i133      = 2*i131 + i128
i134      = i129 + i133
i135      = i131 + i134
i136      = i130 + i135
i137      = i127 + i136
i138      = i135 + i137
i139      = i134 + i138
i140      = i137 + i139
i141      = i139 + i140
i142      = i133 + i141
i143      = i136 + i142
i144      = i138 + i143
i145      = i142 + i144
i146      = i144 + i145
i147      = i141 + i146
i148      = i140 + i147
i149      = i147 + i148
i150      = i146 + i149
i151      = i143 + i150
i152      = i148 + i151
i153      = i151 + i152
i154      = i150 + i153
i155      = _10101 + i154
i156      = i153 + i155
i157      = i154 + i156
i158      = i145 + i157
i159      = i152 + i158
i160      = i157 + i159
i161      = i158 + i160
i162      = i156 + i161
i163      = i159 + i162
i164      = i149 + i163
i165      = i162 + i164
i166      = i155 + i165
i167      = i163 + i166
i168      = i164 + i167
i169      = i166 + i168
i170      = i161 + i169
i171      = i160 + i170
i172      = i170 + i171
i173      = i171 + i172
i174      = i168 + i173
i175      = i173 + i174
i176      = i169 + i175
i177      = i167 + i176
i178      = i165 + i177
i179      = i174 + i178
i181      = 2*i179 + i172
i182      = i177 + i181
i184      = 2*i182 + i176
i185      = i179 + i184
i186      = i178 + i185
i187      = i181 + i186
i188      = i182 + i187
i189      = i184 + i188
i190      = i187 + i189
i191      = i186 + i190
i193      = 2*i191 + i175
i194      = i185 + i193
i195      = i193 + i194
i198      = i195 << 2 + i190
i199      = i189 + i198
i200      = i191 + i199
i201      = i188 + i200
i202      = i199 + i201
i203      = i200 + i202
i204      = i201 + i203
i205      = i195 + i204
i206      = i202 + i205
i207      = i194 + i206
i209      = 2*i207 + i203
i210      = i205 + i209
i211      = i198 + i210
i212      = i207 + i211
i213      = i211 + i212
i214      = i206 + i213
i215      = i212 + i214
i216      = i214 + i215
i217      = i209 + i216
i218      = i216 + i217
i219      = i204 + i218
i220      = i218 + i219
i221      = i219 + i220
i222      = i220 + i221
i223      = i221 + i222
i224      = i217 + i223
i225      = i210 + i224
i226      = i215 + i225
i228      = 2*i226 + i222
i229      = i213 + i228
i230      = i226 + i229
i231      = i224 + i230
i232      = i229 + i231
i233      = i225 + i232
i234      = i228 + i233
i235      = i223 + i234
i236      = i231 + i235
i237      = i235 + i236
i238      = i236 + i237
i239      = i230 + i238
i240      = i234 + i239
i241      = i232 + i240
i242      = i237 + i241
i243      = i238 + i242
i245      = 2*i243 + i233
i246      = i242 + i245
i247      = i239 + i246
i248      = i246 + i247
i249      = i243 + i248
i250      = i240 + i249
i252      = 2*i250 + i247
i253      = i241 + i252
i255      = 2*i253 + i250
i256      = i245 + i255
i257      = i249 + i256
i259      = 2*i257 + i252
i260      = i257 + i259
i261      = i255 + i260
i262      = i259 + i261
i263      = i260 + i262
i264      = i253 + i263
i265      = i248 + i264
i266      = i256 + i265
i267      = i265 + i266
i268      = i263 + i267
x122      = 2*i268 + i268
i271      = i261 + x122
i272      = i262 + i271
i273      = i264 + i272
i274      = i267 + i273
i275      = i273 + i274
i277      = 2*i275 + i274
i278      = i266 + i277
i279      = i275 + i278
i281      = 2*i279 + i271
i282      = i272 + i281
i283      = i279 + i282
i284      = i278 + i283
i672      = ((i284 << 127 + i283) << 130 + i281) << 129
i931      = ((i284 + i672 + i277) << 128 + i282) << 128
i1190     = ((i282 + i931) << 128 + i282) << 128 + i282
i1576     = ((i1190 << 128 + i282) << 128 + i282) << 128
i1835     = ((i282 + i1576) << 128 + i282) << 128 + i282
i2221     = ((i1835 << 128 + i282) << 128 + i282) << 128
i2480     = ((i282 + i2221) << 128 + i282) << 128 + i282
i2866     = ((i2480 << 128 + i282) << 128 + i282) << 128
i3125     = ((i282 + i2866) << 128 + i282) << 128 + i282
i3511     = ((i3125 << 128 + i282) << 128 + i282) << 128
i3770     = ((i282 + i3511) << 128 + i282) << 128 + i282
i4156     = ((i3770 << 128 + i282) << 128 + i282) << 128
return      ((i282 + i4156) << 122 + i268) << 2
