_10       = 2*1
_11       = 1 + _10
_110      = 2*_11
_111      = 1 + _110
_1110     = 2*_111
_11100    = 2*_1110
_100011   = _111 + _11100
_1000110  = 2*_100011
_1000111  = 1 + _1000110
_1001101  = _110 + _1000111
_1001110  = 1 + _1001101
_1110001  = _100011 + _1001110
_1111111  = _1110 + _1110001
_11000101 = _1000110 + _1111111
i15       = _1001101 + _11000101
i16       = _11000101 + i15
i18       = 2*i16 + _1000111
i19       = i15 + i18
i20       = _1001110 + i19
i21       = i19 + i20
i22       = i16 + i21
i23       = i21 + i22
i24       = i20 + i23
i25       = i18 + i24
i26       = _1110001 + i25
i27       = i25 + i26
i28       = i23 + i27
i29       = i24 + i28
i30       = i22 + i29
i31       = i28 + i30
i34       = 2*i31 + i31 + i26
i37       = 2*i34 + i34 + i31
i38       = i30 + i37
i39       = i27 + i38
i41       = 2*i39 + i29
i42       = i37 + i41
i43       = i34 + i42
i45       = 2*i43 + i39
i46       = i41 + i45
i47       = i45 + i46
i48       = i43 + i47
i49       = i47 + i48
i50       = i48 + i49
i51       = i38 + i50
i52       = i49 + i51
i53       = i42 + i52
i55       = 2*i53 + i46
i57       = 2*i55 + i52
i58       = i50 + i57
i59       = i53 + i58
i60       = i51 + i59
i62       = 2*i60 + i58
i63       = i59 + i62
i64       = i55 + i63
i65       = i63 + i64
i66       = i57 + i65
i69       = i66 << 2 + i62
i70       = i66 + i69
i71       = i65 + i70
i72       = i70 + i71
i74       = 2*i72 + i69
i75       = i71 + i74
i77       = 2*i75 + i64
i78       = i60 + i77
i79       = i72 + i78
i80       = i74 + i79
i82       = 2*i80 + i77
i83       = i75 + i82
i84       = i78 + i83
i85       = i80 + i84
i87       = 2*i85 + i79
i88       = i82 + i87
i89       = i84 + i88
i90       = i85 + i89
i91       = i87 + i90
i93       = 2*i91 + i90
i95       = 2*i93 + i83
i96       = i88 + i95
i97       = i93 + i96
i98       = i95 + i97
i99       = i97 + i98
i100      = i91 + i99
i101      = i89 + i100
i103      = 2*i101 + i96
i104      = i99 + i103
i105      = i100 + i104
i106      = i98 + i105
i107      = i103 + i106
i109      = 2*i107 + i101
i110      = i105 + i109
i113      = 2*i110 + i110 + i106
i114      = i110 + i113
i116      = 2*i114 + i109
i117      = i104 + i116
i118      = i116 + i117
i119      = i114 + i118
i120      = i117 + i119
i121      = i113 + i120
i122      = i107 + i121
i124      = 2*i122 + i118
i125      = i119 + i124
i126      = i120 + i125
i127      = i122 + i126
i128      = i124 + i127
i129      = i125 + i128
i130      = i127 + i129
i131      = i121 + i130
i132      = i128 + i131
i133      = i129 + i132
i134      = i130 + i133
i135      = i132 + i134
i136      = i126 + i135
i137      = _1111111 + i136
i138      = i131 + i137
i139      = i133 + i138
i140      = i135 + i139
i141      = i139 + i140
i142      = i134 + i141
i144      = 2*i142 + i138
i145      = i141 + i144
i146      = i140 + i145
i147      = i142 + i146
i148      = i136 + i147
i149      = i146 + i148
i150      = i144 + i149
i151      = i145 + i150
i152      = i148 + i151
i153      = i137 + i152
i154      = i150 + i153
i155      = i151 + i154
i156      = i149 + i155
i157      = i153 + i156
i158      = i147 + i157
i159      = i155 + i158
i160      = i154 + i159
i161      = i152 + i160
i162      = i156 + i161
i163      = i158 + i162
i164      = i159 + i163
i165      = i160 + i164
i166      = i161 + i165
i167      = i162 + i166
i168      = i166 + i167
i169      = i164 + i168
i171      = 2*i169 + i167
i172      = i163 + i171
i173      = i157 + i172
i174      = i165 + i173
i176      = 2*i174 + i173
i177      = i168 + i176
i178      = i171 + i177
i179      = i172 + i178
i180      = i174 + i179
i181      = i178 + i180
i183      = 2*i181 + i169
i184      = i180 + i183
i185      = i176 + i184
i186      = i181 + i185
i187      = i184 + i186
i188      = i183 + i187
i190      = 2*i188 + i179
i191      = i187 + i190
i192      = i188 + i191
i193      = i177 + i192
i194      = i185 + i193
i195      = i186 + i194
i196      = i190 + i195
i197      = i191 + i196
i198      = i196 + i197
i199      = i197 + i198
i200      = i193 + i199
i201      = i194 + i200
i202      = i198 + i201
i203      = i192 + i202
i204      = i195 + i203
i205      = i201 + i204
i206      = i199 + i205
i207      = i200 + i206
i208      = i202 + i207
i209      = i205 + i208
i210      = i203 + i209
i211      = i204 + i210
i212      = i206 + i211
i213      = i207 + i212
i214      = i208 + i213
i215      = i209 + i214
i216      = i213 + i215
i217      = i210 + i216
i218      = i216 + i217
i219      = i212 + i218
i220      = i217 + i219
i221      = i215 + i220
i223      = 2*i221 + i214
i224      = i218 + i223
i225      = i211 + i224
i226      = i219 + i225
i227      = i225 + i226
i229      = 2*i227 + i221
i230      = i224 + i229
i231      = i223 + i230
i232      = i220 + i231
i233      = i227 + i232
i234      = i226 + i233
i235      = i229 + i234
i238      = i235 << 2 + i234
i239      = i235 + i238
i240      = i238 + i239
i241      = i230 + i240
i242      = i231 + i241
i243      = i233 + i242
i244      = i240 + i243
i245      = i239 + i244
i246      = i242 + i245
i247      = i243 + i246
i248      = i244 + i247
i249      = i241 + i248
i250      = i247 + i249
i251      = i246 + i250
i252      = i248 + i251
i253      = i232 + i252
i254      = i250 + i253
i256      = 2*i254 + i251
i257      = i252 + i256
i258      = i245 + i257
i259      = i253 + i258
i260      = i254 + i259
i261      = i256 + i260
i262      = i259 + i261
i263      = i258 + i262
i264      = i261 + i263
i265      = i249 + i264
i267      = 2*i265 + i260
i268      = i262 + i267
i269      = i263 + i268
i270      = i267 + i269
i271      = i264 + i270
i272      = i268 + i271
i273      = i270 + i272
i274      = i272 + i273
x121      = i257 + i274
i276      = i271 + x121
i277      = 2*i276
i280      = 2*i277 + i276 + i269
i281      = i273 + i280
i282      = i274 + i281
i285      = i282 << 2 + i265
i286      = i280 + i285
i287      = i276 + i286
i288      = 2*i286
i290      = i277 + i288 + i285
i291      = i281 + i290
x128      = i282 + i291
i683      = ((i288 << 128 + i291) << 132 + i287) << 129
i942      = ((i290 + i683) << 128 + x128) << 128 + x128
i1328     = ((i942 << 128 + x128) << 128 + x128) << 128
i1587     = ((x128 + i1328) << 128 + x128) << 128 + x128
i1973     = ((i1587 << 128 + x128) << 128 + x128) << 128
i2232     = ((x128 + i1973) << 128 + x128) << 128 + x128
i2618     = ((i2232 << 128 + x128) << 128 + x128) << 128
i2877     = ((x128 + i2618) << 128 + x128) << 128 + x128
i3263     = ((i2877 << 128 + x128) << 128 + x128) << 128
i3522     = ((x128 + i3263) << 128 + x128) << 128 + x128
i3908     = ((i3522 << 128 + x128) << 128 + x128) << 128
i4167     = ((x128 + i3908) << 128 + x128) << 128 + x128
return      i4167 << 121 + x121
