_10       = 2*1
_100      = 2*_10
_110      = _10 + _100
_111      = 1 + _110
_1110     = 2*_111
_1111     = 1 + _1110
_11110    = 2*_1111
_100000   = _10 + _11110
_101111   = _1111 + _100000
_1011110  = 2*_101111
_1100100  = _110 + _1011110
_10010011 = _101111 + _1100100
_10110011 = _100000 + _10010011
_11000001 = _1110 + _10110011
i17       = 2*_11000001 + _11000001 + _1100100
i18       = _10110011 + i17
i20       = 2*i18 + i17
i21       = i18 + i20
i22       = _10010011 + i21
i23       = _111 + i22
i24       = _11000001 + i23
i26       = 2*i24 + i20
i28       = 2*i26 + i23
i29       = i22 + i28
i30       = i21 + i29
i31       = i24 + i30
i32       = i29 + i31
i33       = i28 + i32
i34       = i26 + i33
i35       = i30 + i34
i36       = i31 + i35
i37       = i32 + i36
i38       = i34 + i37
i39       = i37 + i38
i41       = 2*i39 + i35
i42       = i38 + i41
i43       = i36 + i42
i44       = i33 + i43
i45       = i39 + i44
i46       = i41 + i45
i47       = i42 + i46
i48       = i43 + i47
i49       = i44 + i48
i50       = i47 + i49
i51       = i49 + i50
i52       = i45 + i51
i53       = i46 + i52
i54       = i51 + i53
i55       = i48 + i54
i57       = 2*i55 + i52
i58       = i53 + i57
i59       = i55 + i58
i60       = i50 + i59
i61       = i54 + i60
i62       = i60 + i61
i63       = i58 + i62
i64       = i62 + i63
i65       = i63 + i64
i66       = i64 + i65
i67       = i57 + i66
i68       = i61 + i67
i69       = i66 + i68
i70       = i59 + i69
i71       = i67 + i70
i72       = i68 + i71
i73       = i65 + i72
i74       = i69 + i73
i75       = i71 + i74
i76       = i70 + i75
i77       = i73 + i76
i78       = i72 + i77
i79       = i76 + i78
i80       = i77 + i79
i81       = i74 + i80
i82       = i75 + i81
i83       = i78 + i82
i84       = i79 + i83
i85       = i83 + i84
i87       = 2*i85 + i84
i88       = i81 + i87
i89       = i82 + i88
i90       = i85 + i89
i91       = i80 + i90
i92       = i88 + i91
i93       = i90 + i92
i94       = i87 + i93
i95       = i93 + i94
i96       = i89 + i95
i97       = i92 + i96
i98       = i94 + i97
i99       = i91 + i98
i100      = i95 + i99
i101      = i98 + i100
i102      = i100 + i101
i103      = i97 + i102
i104      = i101 + i103
i105      = i102 + i104
i106      = i104 + i105
i107      = i96 + i106
i108      = i105 + i107
i109      = i107 + i108
i110      = i99 + i109
i111      = i108 + i110
i112      = i109 + i111
i113      = i110 + i112
i115      = 2*i113 + i112
i116      = i106 + i115
i117      = i103 + i116
i118      = i113 + i117
i119      = i111 + i118
i120      = i115 + i119
i121      = i117 + i120
i122      = i118 + i121
i124      = 2*i122 + i116
i125      = i119 + i124
i126      = i122 + i125
i127      = i124 + i126
i129      = 2*i127 + i126
i130      = i120 + i129
i131      = i121 + i130
i132      = i125 + i131
i133      = i127 + i132
i134      = i130 + i133
i136      = 2*i134 + i131
i137      = i133 + i136
i138      = i136 + i137
i139      = i134 + i138
i140      = i129 + i139
i145      = (2*i140 + i140) << 2 + i137
i146      = i132 + i145
i148      = 2*i146 + i138
i149      = i145 + i148
i150      = i139 + i149
i151      = i149 + i150
i152      = i140 + i151
i153      = i148 + i152
i154      = i146 + i153
i155      = i153 + i154
i156      = i154 + i155
i157      = i151 + i156
i158      = i152 + i157
i160      = 2*i158 + i157
i161      = i150 + i160
i162      = i158 + i161
i163      = i156 + i162
i164      = i155 + i163
i165      = i160 + i164
i166      = i163 + i165
i167      = i164 + i166
i168      = i162 + i167
i169      = i161 + i168
i171      = 2*i169 + i165
i172      = i168 + i171
i173      = _1111 + i172
i174      = i166 + i173
i175      = i167 + i174
i176      = i171 + i175
i179      = 2*i176 + i176 + i169
i180      = i174 + i179
i181      = i175 + i180
i182      = i172 + i181
i185      = 2*i182 + i182 + i176
i186      = i182 + i185
i189      = 2*i186 + i186 + i179
i191      = 2*i189 + i180
i192      = i181 + i191
i193      = i186 + i192
i194      = i191 + i193
i195      = i185 + i194
i196      = i173 + i195
i197      = i192 + i196
i198      = i194 + i197
i199      = i196 + i198
i201      = 2*i199 + i195
i203      = 2*i201 + i193
i205      = 2*i203 + i201
i206      = i199 + i205
i207      = i189 + i206
i208      = i205 + i207
i209      = i198 + i208
i210      = i208 + i209
i211      = i197 + i210
i212      = i203 + i211
i213      = i206 + i212
i214      = i207 + i213
i215      = i209 + i214
i217      = 2*i215 + i210
i218      = i212 + i217
i219      = i215 + i218
i221      = 2*i219 + i218
i222      = i213 + i221
i223      = i217 + i222
i224      = i221 + i223
i225      = i223 + i224
i226      = i219 + i225
i227      = i211 + i226
i228      = i224 + i227
i229      = i222 + i228
i232      = i229 << 2 + i214
i233      = i228 + i232
i234      = i226 + i233
i235      = i232 + i234
i236      = i234 + i235
i237      = i225 + i236
i238      = i229 + i237
i242      = i238 << 3 + i236
i243      = i235 + i242
i244      = i238 + i243
i245      = i233 + i244
i246      = i237 + i245
i247      = i245 + i246
i248      = i244 + i247
i249      = i247 + i248
i250      = i248 + i249
i251      = i242 + i250
i256      = 2*(2*i251 + i251) + i251 + i246
i257      = i251 + i256
i258      = i250 + i257
i259      = i243 + i258
i260      = i249 + i259
i261      = i227 + i260
i262      = i256 + i261
i263      = i261 + i262
i264      = i257 + i263
i265      = i260 + i264
i266      = i262 + i265
i267      = i264 + i266
i268      = i259 + i267
i269      = i265 + i268
i270      = i266 + i269
i271      = i263 + i270
i273      = 2*i271 + i258
i274      = i268 + i273
i275      = i269 + i274
x124      = i267 + i275
i277      = i273 + x124
i278      = i275 + i277
i279      = i271 + i278
i282      = 2*i279 + i279 + i277
i283      = i278 + i282
i284      = i270 + i283
i285      = i279 + i284
x128      = i274 + i285
i674      = ((i285 << 128 + i283) << 129 + i282) << 129
i933      = ((i284 + i674) << 128 + x128) << 128 + x128
i1319     = ((i933 << 128 + x128) << 128 + x128) << 128
i1578     = ((x128 + i1319) << 128 + x128) << 128 + x128
i1964     = ((i1578 << 128 + x128) << 128 + x128) << 128
i2223     = ((x128 + i1964) << 128 + x128) << 128 + x128
i2609     = ((i2223 << 128 + x128) << 128 + x128) << 128
i2868     = ((x128 + i2609) << 128 + x128) << 128 + x128
i3250     = ((i2868 << 128 + x128) << 128 + x128) << 124
return      x124 + i3250
