_10       = 2*1
_11       = 1 + _10
_110      = 2*_11
_1000     = _10 + _110
_1010     = _10 + _1000
_1110     = _110 + _1000
_1111     = 1 + _1110
_10101    = _110 + _1111
_10110    = 1 + _10101
_100000   = _1010 + _10110
_101000   = _1000 + _100000
_101011   = _11 + _101000
_110101   = _1010 + _101011
_1000001  = _10110 + _101011
_1101100  = _101011 + _1000001
_10000001 = _10101 + _1101100
_10010111 = _10110 + _10000001
_11000010 = _101011 + _10010111
_11010001 = _1111 + _11000010
_11111001 = _101000 + _11010001
i21       = _1000001 + _11111001
i22       = _11000010 + i21
i23       = _100000 + i22
i24       = _110101 + i23
i25       = _11010001 + i24
i26       = _1101100 + i25
i28       = 2*(i22 + i26)
i29       = i21 + i28
i30       = i24 + i29
i31       = _10010111 + i30
i32       = i25 + i31
i33       = _10000001 + i32
i34       = i31 + i33
i35       = i30 + i34
i36       = _11111001 + i35
i37       = _1110 + i36
i38       = i23 + i37
i39       = i26 + i38
i40       = i32 + i39
i41       = i35 + i40
i42       = i28 + i41
i43       = i38 + i42
i44       = i39 + i43
i45       = i33 + i44
i46       = i29 + i45
i47       = i34 + i46
i48       = i37 + i47
i49       = i36 + i48
i50       = i44 + i49
i51       = i42 + i50
i52       = i40 + i51
i53       = i43 + i52
i54       = i45 + i53
i55       = i47 + i54
i56       = i41 + i55
i57       = i53 + i56
i58       = i51 + i57
i59       = i54 + i58
i60       = i52 + i59
i61       = i58 + i60
i62       = i49 + i61
i63       = i48 + i62
i64       = i55 + i63
i65       = i60 + i64
i66       = i57 + i65
i67       = i63 + i66
i69       = 2*(i46 + i67)
i70       = i64 + i69
i71       = i61 + i70
i72       = i66 + i71
i73       = i65 + i72
i74       = i56 + i73
i75       = i67 + i74
i76       = i62 + i75
i77       = i70 + i76
i78       = i72 + i77
i79       = i77 + i78
i80       = i76 + i79
i81       = i71 + i80
i82       = i69 + i81
i83       = i59 + i82
i84       = i78 + i83
i85       = i79 + i84
i86       = i74 + i85
i87       = i50 + i86
i88       = i73 + i87
i89       = i81 + i88
i90       = i83 + i89
i91       = i88 + i90
i92       = i84 + i91
i93       = i80 + i92
i94       = i87 + i93
i95       = i86 + i94
i96       = i89 + i95
i97       = i82 + i96
i98       = i90 + i97
i99       = i91 + i98
i100      = i94 + i99
i101      = i95 + i100
i102      = i75 + i101
i103      = i85 + i102
i104      = i93 + i103
i105      = i101 + i104
i106      = i96 + i105
i107      = i98 + i106
i108      = i100 + i107
i109      = i103 + i108
i110      = i104 + i109
i111      = i99 + i110
i112      = i107 + i111
i113      = i108 + i112
i114      = i105 + i113
i115      = i97 + i114
i116      = i106 + i115
i117      = i114 + i116
i118      = i112 + i117
i119      = i110 + i118
i120      = i116 + i119
i121      = i111 + i120
i122      = i118 + i121
i123      = i92 + i122
i124      = i117 + i123
i125      = i113 + i124
i126      = i102 + i125
i127      = i115 + i126
i128      = i122 + i127
i129      = i119 + i128
i130      = i109 + i129
i131      = i124 + i130
i132      = i121 + i131
i133      = i125 + i132
i134      = i120 + i133
i135      = i131 + i134
i136      = i128 + i135
i137      = i130 + i136
i138      = i126 + i137
i139      = i134 + i138
i140      = i135 + i139
i141      = i138 + i140
i142      = i132 + i141
i143      = i133 + i142
i144      = i129 + i143
i145      = i136 + i144
i146      = i137 + i145
i147      = i127 + i146
i148      = i140 + i147
i149      = i123 + i148
i150      = i142 + i149
i151      = i139 + i150
i152      = i141 + i151
i153      = i145 + i152
i154      = i147 + i153
i155      = i146 + i154
i156      = i143 + i155
i157      = i151 + i156
i158      = i156 + i157
i159      = i149 + i158
i160      = i150 + i159
i161      = i144 + i160
i162      = i148 + i161
i163      = i155 + i162
i164      = i160 + i163
i166      = 2*(i161 + i164)
i167      = i158 + i166
i168      = i162 + i167
i169      = i157 + i168
i170      = i153 + i169
i171      = i167 + i170
i172      = i169 + i171
i173      = i159 + i172
i174      = i170 + i173
i175      = i164 + i174
i176      = i168 + i175
i177      = i166 + i176
i178      = i172 + i177
i179      = i174 + i178
i180      = i176 + i179
i181      = i154 + i180
i182      = i163 + i181
i183      = i177 + i182
i184      = i178 + i183
i185      = i183 + i184
i186      = i180 + i185
i187      = i175 + i186
i188      = i173 + i187
i189      = i182 + i188
i190      = i171 + i189
i193      = 2*(i184 + i190) + 1
i194      = i179 + i193
i195      = i187 + i194
i196      = i190 + i195
i197      = i185 + i196
i198      = i186 + i197
i199      = i189 + i198
i333      = (i199 << 66 + i196) << 65 + i199 + i188
i530      = ((i333 << 65 + i198) << 60 + i181) << 70
i665      = ((i195 + i530) << 68 + i197) << 64 + i194
i859      = ((i665 << 64 + i193) << 64 + i193) << 64
i990      = ((i193 + i859) << 64 + i193) << 64 + i193
i1184     = ((i990 << 64 + i193) << 64 + i193) << 64
i1315     = ((i193 + i1184) << 64 + i193) << 64 + i193
i1509     = ((i1315 << 64 + i193) << 64 + i193) << 64
i1640     = ((i193 + i1509) << 64 + i193) << 64 + i193
i1834     = ((i1640 << 64 + i193) << 64 + i193) << 64
i1951     = ((i193 + i1834) << 64 + i193) << 50 + i152
return      i1951 << 2
